# JRE version: Java(TM) SE Runtime Environment (8.0_65-b17) (build 1.8.0_65-b17)
# Java VM: Java HotSpot(TM) 64-Bit Server VM (25.65-b01 mixed mode windows-amd64 compressed oops)
Heap:
 PSYoungGen      total 275968K, used 7824K [0x00000000ed700000, 0x0000000100000000, 0x0000000100000000)
  eden space 263168K, 2% used [0x00000000ed700000,0x00000000edea41e8,0x00000000fd800000)
  from space 12800K, 0% used [0x00000000fd800000,0x00000000fd800000,0x00000000fe480000)
  to   space 17920K, 0% used [0x00000000fee80000,0x00000000fee80000,0x0000000100000000)
 ParOldGen       total 97280K, used 32463K [0x00000000c8400000, 0x00000000ce300000, 0x00000000ed700000)
  object space 97280K, 33% used [0x00000000c8400000,0x00000000ca3b3d08,0x00000000ce300000)
 Metaspace       used 54476K, capacity 55074K, committed 55296K, reserved 1097728K
  class space    used 6924K, capacity 7054K, committed 7168K, reserved 1048576K
GC Heap History (10 events):
Event: 19.136 GC heap before
{Heap before GC invocations=13 (full 1):
 PSYoungGen      total 199168K, used 154712K [0x00000000ed700000, 0x00000000ff100000, 0x0000000100000000)
  eden space 189952K, 76% used [0x00000000ed700000,0x00000000f651b750,0x00000000f9080000)
  from space 9216K, 99% used [0x00000000f9080000,0x00000000f997ac90,0x00000000f9980000)
  to   space 11776K, 0% used [0x00000000fe580000,0x00000000fe580000,0x00000000ff100000)
 ParOldGen       total 38400K, used 17519K [0x00000000c8400000, 0x00000000ca980000, 0x00000000ed700000)
  object space 38400K, 45% used [0x00000000c8400000,0x00000000c951be30,0x00000000ca980000)
 Metaspace       used 35038K, capacity 35290K, committed 35456K, reserved 1081344K
  class space    used 4340K, capacity 4410K, committed 4480K, reserved 1048576K
Event: 19.199 GC heap after
Heap after GC invocations=13 (full 1):
 PSYoungGen      total 274944K, used 10238K [0x00000000ed700000, 0x00000000ff100000, 0x0000000100000000)
  eden space 263168K, 0% used [0x00000000ed700000,0x00000000ed700000,0x00000000fd800000)
  from space 11776K, 86% used [0x00000000fe580000,0x00000000fef7f920,0x00000000ff100000)
  to   space 12800K, 0% used [0x00000000fd800000,0x00000000fd800000,0x00000000fe480000)
 ParOldGen       total 38400K, used 23067K [0x00000000c8400000, 0x00000000ca980000, 0x00000000ed700000)
  object space 38400K, 60% used [0x00000000c8400000,0x00000000c9a86cd8,0x00000000ca980000)
 Metaspace       used 35038K, capacity 35290K, committed 35456K, reserved 1081344K
  class space    used 4340K, capacity 4410K, committed 4480K, reserved 1048576K
}
Event: 19.199 GC heap before
{Heap before GC invocations=14 (full 2):
 PSYoungGen      total 274944K, used 10238K [0x00000000ed700000, 0x00000000ff100000, 0x0000000100000000)
  eden space 263168K, 0% used [0x00000000ed700000,0x00000000ed700000,0x00000000fd800000)
  from space 11776K, 86% used [0x00000000fe580000,0x00000000fef7f920,0x00000000ff100000)
  to   space 12800K, 0% used [0x00000000fd800000,0x00000000fd800000,0x00000000fe480000)
 ParOldGen       total 38400K, used 23067K [0x00000000c8400000, 0x00000000ca980000, 0x00000000ed700000)
  object space 38400K, 60% used [0x00000000c8400000,0x00000000c9a86cd8,0x00000000ca980000)
 Metaspace       used 35038K, capacity 35290K, committed 35456K, reserved 1081344K
  class space    used 4340K, capacity 4410K, committed 4480K, reserved 1048576K
Event: 19.608 GC heap after
Heap after GC invocations=14 (full 2):
 PSYoungGen      total 274944K, used 0K [0x00000000ed700000, 0x00000000ff100000, 0x0000000100000000)
  eden space 263168K, 0% used [0x00000000ed700000,0x00000000ed700000,0x00000000fd800000)
  from space 11776K, 0% used [0x00000000fe580000,0x00000000fe580000,0x00000000ff100000)
  to   space 12800K, 0% used [0x00000000fd800000,0x00000000fd800000,0x00000000fe480000)
 ParOldGen       total 38400K, used 24887K [0x00000000c8400000, 0x00000000ca980000, 0x00000000ed700000)
  object space 38400K, 64% used [0x00000000c8400000,0x00000000c9c4dc90,0x00000000ca980000)
 Metaspace       used 35038K, capacity 35290K, committed 35456K, reserved 1081344K
  class space    used 4340K, capacity 4410K, committed 4480K, reserved 1048576K
}
Event: 34.082 GC heap before
{Heap before GC invocations=15 (full 2):
 PSYoungGen      total 274944K, used 263168K [0x00000000ed700000, 0x00000000ff100000, 0x0000000100000000)
  eden space 263168K, 100% used [0x00000000ed700000,0x00000000fd800000,0x00000000fd800000)
  from space 11776K, 0% used [0x00000000fe580000,0x00000000fe580000,0x00000000ff100000)
  to   space 12800K, 0% used [0x00000000fd800000,0x00000000fd800000,0x00000000fe480000)
 ParOldGen       total 38400K, used 24887K [0x00000000c8400000, 0x00000000ca980000, 0x00000000ed700000)
  object space 38400K, 64% used [0x00000000c8400000,0x00000000c9c4dc90,0x00000000ca980000)
 Metaspace       used 49417K, capacity 49804K, committed 50048K, reserved 1093632K
  class space    used 6354K, capacity 6445K, committed 6528K, reserved 1048576K
Event: 34.342 GC heap after
Heap after GC invocations=15 (full 2):
 PSYoungGen      total 275968K, used 12792K [0x00000000ed700000, 0x0000000100000000, 0x0000000100000000)
  eden space 263168K, 0% used [0x00000000ed700000,0x00000000ed700000,0x00000000fd800000)
  from space 12800K, 99% used [0x00000000fd800000,0x00000000fe47e2a8,0x00000000fe480000)
  to   space 17920K, 0% used [0x00000000fee80000,0x00000000fee80000,0x0000000100000000)
 ParOldGen       total 38400K, used 33218K [0x00000000c8400000, 0x00000000ca980000, 0x00000000ed700000)
  object space 38400K, 86% used [0x00000000c8400000,0x00000000ca470990,0x00000000ca980000)
 Metaspace       used 49417K, capacity 49804K, committed 50048K, reserved 1093632K
  class space    used 6354K, capacity 6445K, committed 6528K, reserved 1048576K
}
Event: 34.343 GC heap before
{Heap before GC invocations=16 (full 3):
 PSYoungGen      total 275968K, used 12792K [0x00000000ed700000, 0x0000000100000000, 0x0000000100000000)
  eden space 263168K, 0% used [0x00000000ed700000,0x00000000ed700000,0x00000000fd800000)
  from space 12800K, 99% used [0x00000000fd800000,0x00000000fe47e2a8,0x00000000fe480000)
  to   space 17920K, 0% used [0x00000000fee80000,0x00000000fee80000,0x0000000100000000)
 ParOldGen       total 38400K, used 33218K [0x00000000c8400000, 0x00000000ca980000, 0x00000000ed700000)
  object space 38400K, 86% used [0x00000000c8400000,0x00000000ca470990,0x00000000ca980000)
 Metaspace       used 49417K, capacity 49804K, committed 50048K, reserved 1093632K
  class space    used 6354K, capacity 6445K, committed 6528K, reserved 1048576K
Event: 34.949 GC heap after
Heap after GC invocations=16 (full 3):
 PSYoungGen      total 275968K, used 3415K [0x00000000ed700000, 0x0000000100000000, 0x0000000100000000)
  eden space 263168K, 0% used [0x00000000ed700000,0x00000000ed700000,0x00000000fd800000)
  from space 12800K, 26% used [0x00000000fd800000,0x00000000fdb55de8,0x00000000fe480000)
  to   space 17920K, 0% used [0x00000000fee80000,0x00000000fee80000,0x0000000100000000)
 ParOldGen       total 38400K, used 38267K [0x00000000c8400000, 0x00000000ca980000, 0x00000000ed700000)
  object space 38400K, 99% used [0x00000000c8400000,0x00000000ca95ee38,0x00000000ca980000)
 Metaspace       used 49417K, capacity 49804K, committed 50048K, reserved 1093632K
  class space    used 6354K, capacity 6445K, committed 6528K, reserved 1048576K
}
Event: 68.268 GC heap before
{Heap before GC invocations=17 (full 4):
 PSYoungGen      total 275968K, used 266583K [0x00000000ed700000, 0x0000000100000000, 0x0000000100000000)
  eden space 263168K, 100% used [0x00000000ed700000,0x00000000fd800000,0x00000000fd800000)
  from space 12800K, 26% used [0x00000000fd800000,0x00000000fdb55de8,0x00000000fe480000)
  to   space 17920K, 0% used [0x00000000fee80000,0x00000000fee80000,0x0000000100000000)
 ParOldGen       total 38400K, used 38267K [0x00000000c8400000, 0x00000000ca980000, 0x00000000ed700000)
  object space 38400K, 99% used [0x00000000c8400000,0x00000000ca95ee38,0x00000000ca980000)
 Metaspace       used 54424K, capacity 55062K, committed 55296K, reserved 1097728K
  class space    used 6923K, capacity 7052K, committed 7168K, reserved 1048576K
Event: 68.615 GC heap after
Heap after GC invocations=17 (full 4):
 PSYoungGen      total 275968K, used 0K [0x00000000ed700000, 0x0000000100000000, 0x0000000100000000)
  eden space 263168K, 0% used [0x00000000ed700000,0x00000000ed700000,0x00000000fd800000)
  from space 12800K, 0% used [0x00000000fd800000,0x00000000fd800000,0x00000000fe480000)
  to   space 17920K, 0% used [0x00000000fee80000,0x00000000fee80000,0x0000000100000000)
 ParOldGen       total 97280K, used 32463K [0x00000000c8400000, 0x00000000ce300000, 0x00000000ed700000)
  object space 97280K, 33% used [0x00000000c8400000,0x00000000ca3b3d08,0x00000000ce300000)
 Metaspace       used 54424K, capacity 55062K, committed 55296K, reserved 1097728K
  class space    used 6923K, capacity 7052K, committed 7168K, reserved 1048576K
}

